INFO:root:<< Starting bank transaction collect >>
INFO:root:Initializing Norigen Session
INFO:root:Generaing Token
INFO:root:Token generated successfully
INFO:root:Loading database
INFO:root:Database loaded
INFO:root:Fetching active accounts to process
INFO:root:<< Starting bank transaction collect >>
INFO:root:Initializing Norigen Session
INFO:root:Generaing Token
INFO:root:Token generated successfully
INFO:root:Loading database
INFO:root:Database loaded
INFO:root:Fetching active accounts to process
INFO:root:Processing account:          KOMPLETT KREDIT with id:ccf2b0e7-f12e-4d12-98f0-bef724ab808c
INFO:root:Inserted 0 for account: KOMPLETT KREDIT
INFO:root:Processing account:          SKANDIA LÖN with id:3d074b72-aded-4ec6-820d-06b551db7b0d
INFO:root:Inserted 60 for account: SKANDIA LÖN
INFO:root:Processing account:          SKANDIA SPAR with id:e7618740-aef8-400d-be33-90362f06dff0
INFO:root:Inserted 1 for account: SKANDIA SPAR
INFO:root:Processing account:          NORDEA LÖN with id:66cd0fd3-db87-4981-a0f5-827b49e7535a
INFO:root:Inserted 1 for account: NORDEA LÖN
INFO:root:Processing account:          SEB LÖN with id:d764b2e8-9e8d-45aa-98af-907f402749a3
INFO:root:Inserted 0 for account: SEB LÖN
INFO:root:<< Bank transaction collect complete >>
2022-05-31 12:15:03,064 << Starting bank transaction collect >>
2022-05-31 12:15:03,064 Initializing Norigen Session
2022-05-31 12:15:03,064 Generaing Token
2022-05-31 12:15:03,332 Token generated successfully
2022-05-31 12:15:03,332 Loading database
2022-05-31 12:15:03,333 Database loaded
2022-05-31 12:15:03,333 Fetching active accounts to process
2022-05-31 12:15:03,334 Processing account:          KOMPLETT KREDIT with id:ccf2b0e7-f12e-4d12-98f0-bef724ab808c
2022-05-31 12:15:04,453 Inserted 0 for account: KOMPLETT KREDIT
2022-05-31 12:15:04,453 Processing account:          SKANDIA LÖN with id:3d074b72-aded-4ec6-820d-06b551db7b0d
2022-05-31 12:15:11,961 Inserted 0 for account: SKANDIA LÖN
2022-05-31 12:15:11,961 Processing account:          SKANDIA SPAR with id:e7618740-aef8-400d-be33-90362f06dff0
2022-05-31 12:15:14,286 Inserted 0 for account: SKANDIA SPAR
2022-05-31 12:15:14,286 Processing account:          NORDEA LÖN with id:66cd0fd3-db87-4981-a0f5-827b49e7535a
2022-05-31 12:15:15,513 Inserted 0 for account: NORDEA LÖN
2022-05-31 12:15:15,513 Processing account:          SEB LÖN with id:d764b2e8-9e8d-45aa-98af-907f402749a3
2022-05-31 12:15:18,025 Inserted 0 for account: SEB LÖN
2022-05-31 12:15:18,025 << Bank transaction collect complete >>
2022-05-31 13:11:40,066 << Starting bank transaction collect >>
2022-05-31 13:11:40,066 Initializing Norigen Session
2022-05-31 13:11:40,066 Generaing Token
2022-05-31 13:11:40,313 Token generated successfully
2022-05-31 13:11:40,313 Loading database
2022-05-31 13:11:40,314 Database loaded
2022-05-31 13:11:40,314 Fetching active accounts to process
2022-05-31 13:11:40,315 Processing account:          KOMPLETT KREDIT with id:ccf2b0e7-f12e-4d12-98f0-bef724ab808c
2022-05-31 13:11:42,063 Inserted 0 for account: KOMPLETT KREDIT
2022-05-31 13:11:42,063 Processing account:          SKANDIA LÖN with id:3d074b72-aded-4ec6-820d-06b551db7b0d
2022-05-31 13:11:50,812 Inserted 0 for account: SKANDIA LÖN
2022-05-31 13:11:50,812 Processing account:          SKANDIA SPAR with id:e7618740-aef8-400d-be33-90362f06dff0
2022-05-31 13:11:52,842 Inserted 0 for account: SKANDIA SPAR
2022-05-31 13:11:52,842 Processing account:          NORDEA LÖN with id:66cd0fd3-db87-4981-a0f5-827b49e7535a
2022-05-31 13:11:54,046 Inserted 0 for account: NORDEA LÖN
2022-05-31 13:11:54,046 Processing account:          SEB LÖN with id:d764b2e8-9e8d-45aa-98af-907f402749a3
2022-05-31 13:11:56,888 Inserted 0 for account: SEB LÖN
2022-05-31 13:11:56,888 << Bank transaction collect complete >>
2022-06-06 12:35:09,257 << Starting bank transaction collect >>
2022-06-06 12:35:09,257 Initializing Norigen Session
2022-06-06 12:35:09,257 Generaing Token
2022-06-06 12:35:10,024 Token generated successfully
2022-06-06 12:35:10,025 Loading database
2022-06-06 12:36:15,571 << Starting bank transaction collect >>
2022-06-06 12:36:15,571 Initializing Norigen Session
2022-06-06 12:36:15,571 Generaing Token
2022-06-06 12:36:15,840 Token generated successfully
2022-06-06 12:36:15,840 Loading database
2022-06-06 12:37:53,967 << Starting bank transaction collect >>
2022-06-06 12:37:53,968 Initializing Norigen Session
2022-06-06 12:37:53,968 Generaing Token
2022-06-06 12:37:54,221 Token generated successfully
2022-06-06 12:37:54,221 Loading database
2022-06-06 12:38:20,389 << Starting bank transaction collect >>
2022-06-06 12:38:20,389 Initializing Norigen Session
2022-06-06 12:38:20,389 Generaing Token
2022-06-06 12:38:20,629 Token generated successfully
2022-06-06 12:38:20,629 Loading database
2022-06-06 12:39:24,533 << Starting bank transaction collect >>
2022-06-06 12:39:24,533 Initializing Norigen Session
2022-06-06 12:39:24,533 Generaing Token
2022-06-06 12:39:24,788 Token generated successfully
2022-06-06 12:39:24,788 Loading database
2022-06-06 12:39:47,073 << Starting bank transaction collect >>
2022-06-06 12:39:47,073 Initializing Norigen Session
2022-06-06 12:39:47,074 Generaing Token
2022-06-06 12:39:47,400 Token generated successfully
2022-06-06 12:39:47,400 Loading database
2022-06-06 12:39:47,416 Database loaded
2022-06-06 12:39:47,416 Fetching active accounts to process
2022-06-06 12:39:47,421 Processing account:          K with id:O
2022-06-06 12:41:09,630 << Starting bank transaction collect >>
2022-06-06 12:41:09,630 Initializing Norigen Session
2022-06-06 12:41:09,630 Generaing Token
2022-06-06 12:41:09,879 Token generated successfully
2022-06-06 12:41:09,879 Loading database
2022-06-06 12:41:09,893 Database loaded
2022-06-06 12:41:09,894 Fetching active accounts to process
2022-06-06 12:41:09,897 Processing account:          K with id:O
2022-06-06 12:42:08,149 << Starting bank transaction collect >>
2022-06-06 12:42:08,149 Initializing Norigen Session
2022-06-06 12:42:08,149 Generaing Token
2022-06-06 12:42:08,407 Token generated successfully
2022-06-06 12:42:08,408 Loading database
2022-06-06 12:42:08,425 Database loaded
2022-06-06 12:42:08,426 Fetching active accounts to process
2022-06-06 12:42:08,428 Processing account:          K with id:O
2022-06-06 12:43:23,813 << Starting bank transaction collect >>
2022-06-06 12:43:23,813 Initializing Norigen Session
2022-06-06 12:43:23,813 Generaing Token
2022-06-06 12:43:24,102 Token generated successfully
2022-06-06 12:43:24,102 Loading database
2022-06-06 12:43:24,113 Database loaded
2022-06-06 12:43:24,113 Fetching active accounts to process
2022-06-06 12:43:24,117 Processing account:          K with id:O
2022-06-06 12:44:53,679 << Starting bank transaction collect >>
2022-06-06 12:44:53,679 Initializing Norigen Session
2022-06-06 12:44:53,679 Generaing Token
2022-06-06 12:44:53,915 Token generated successfully
2022-06-06 12:44:53,915 Loading database
2022-06-06 12:44:53,926 Database loaded
2022-06-06 12:44:53,927 Fetching active accounts to process
2022-06-06 12:44:53,929 Processing account:          KOMPLETT KREDIT with id:ccf2b0e7-f12e-4d12-98f0-bef724ab808c
2022-06-06 12:59:51,427 << Starting bank transaction collect >>
2022-06-06 12:59:51,427 Initializing Norigen Session
2022-06-06 12:59:51,427 Generaing Token
2022-06-06 12:59:51,700 Token generated successfully
2022-06-06 12:59:51,700 Loading database
2022-06-06 12:59:51,740 Database loaded
2022-06-06 12:59:51,740 Fetching active accounts to process
2022-06-06 12:59:51,743 Processing account:          KOMPLETT KREDIT with id:ccf2b0e7-f12e-4d12-98f0-bef724ab808c
2022-06-06 13:00:19,159 << Starting bank transaction collect >>
2022-06-06 13:00:19,159 Initializing Norigen Session
2022-06-06 13:00:19,159 Generaing Token
2022-06-06 13:00:19,467 Token generated successfully
2022-06-06 13:00:19,467 Loading database
2022-06-06 13:00:19,481 Database loaded
2022-06-06 13:00:19,482 Fetching active accounts to process
2022-06-06 13:00:19,484 Processing account:          KOMPLETT KREDIT with id:ccf2b0e7-f12e-4d12-98f0-bef724ab808c
2022-06-06 13:00:21,150 Inserted 22 for account: KOMPLETT KREDIT
2022-06-06 13:00:21,150 Processing account:          SKANDIA LÖN with id:3d074b72-aded-4ec6-820d-06b551db7b0d
2022-06-06 13:00:29,956 Inserted 1955 for account: SKANDIA LÖN
2022-06-06 13:00:29,956 Processing account:          SKANDIA SPAR with id:e7618740-aef8-400d-be33-90362f06dff0
2022-06-06 13:00:31,783 Inserted 65 for account: SKANDIA SPAR
2022-06-06 13:00:31,783 Processing account:          NORDEA LÖN with id:66cd0fd3-db87-4981-a0f5-827b49e7535a
2022-06-06 13:00:33,427 Inserted 46 for account: NORDEA LÖN
2022-06-06 13:00:33,428 Processing account:          SEB LÖN with id:d764b2e8-9e8d-45aa-98af-907f402749a3
2022-06-06 13:00:36,671 Inserted 916 for account: SEB LÖN
2022-06-06 13:00:36,671 << Bank transaction collect complete >>
2022-06-06 13:09:09,803 << Starting bank transaction collect >>
2022-06-06 13:09:09,803 Initializing Norigen Session
2022-06-06 13:09:09,803 Generaing Token
2022-06-06 13:09:10,045 Token generated successfully
2022-06-06 13:09:10,046 Loading database
2022-06-06 13:09:10,058 Database loaded
2022-06-06 13:09:10,058 Fetching active accounts to process
2022-06-06 13:09:10,060 Processing account:          KOMPLETT KREDIT with id:ccf2b0e7-f12e-4d12-98f0-bef724ab808c
2022-06-06 13:09:11,720 Inserted 22 for account: KOMPLETT KREDIT
2022-06-06 13:09:11,720 Processing account:          SKANDIA LÖN with id:3d074b72-aded-4ec6-820d-06b551db7b0d
2022-06-06 13:09:19,060 Inserted 1955 for account: SKANDIA LÖN
2022-06-06 13:09:19,061 Processing account:          SKANDIA SPAR with id:e7618740-aef8-400d-be33-90362f06dff0
2022-06-06 13:09:21,382 Inserted 65 for account: SKANDIA SPAR
2022-06-06 13:09:21,382 Processing account:          NORDEA LÖN with id:66cd0fd3-db87-4981-a0f5-827b49e7535a
2022-06-06 13:09:22,750 Inserted 46 for account: NORDEA LÖN
2022-06-06 13:09:22,750 Processing account:          SEB LÖN with id:d764b2e8-9e8d-45aa-98af-907f402749a3
2022-06-06 13:09:25,404 Inserted 913 for account: SEB LÖN
2022-06-06 13:09:25,405 << Bank transaction collect complete >>
2022-06-06 13:10:15,873 << Starting bank transaction collect >>
2022-06-06 13:10:15,873 Initializing Norigen Session
2022-06-06 13:10:15,874 Generaing Token
2022-06-06 13:10:16,168 Token generated successfully
2022-06-06 13:10:16,168 Loading database
2022-06-06 13:10:16,200 Database loaded
2022-06-06 13:10:16,200 Fetching active accounts to process
2022-06-06 13:10:16,202 Processing account:          KOMPLETT KREDIT with id:ccf2b0e7-f12e-4d12-98f0-bef724ab808c
2022-06-06 13:12:26,746 << Starting bank transaction collect >>
2022-06-06 13:12:26,746 Initializing Norigen Session
2022-06-06 13:12:26,746 Generaing Token
2022-06-06 13:12:27,102 Token generated successfully
2022-06-06 13:12:27,102 Loading database
2022-06-06 13:12:27,151 Database loaded
2022-06-06 13:12:27,152 Fetching active accounts to process
2022-06-06 13:12:27,163 Processing account:          KOMPLETT KREDIT with id:ccf2b0e7-f12e-4d12-98f0-bef724ab808c
2022-06-06 13:17:22,084 << Starting bank transaction collect >>
2022-06-06 13:17:22,084 Initializing Norigen Session
2022-06-06 13:17:22,084 Generaing Token
2022-06-06 13:17:22,342 Token generated successfully
2022-06-06 13:17:22,342 Loading database
2022-06-06 13:17:22,355 Database loaded
2022-06-06 13:17:22,355 Fetching active accounts to process
2022-06-06 13:17:22,358 Processing account:          KOMPLETT KREDIT with id:ccf2b0e7-f12e-4d12-98f0-bef724ab808c
2022-06-06 13:17:25,100 Inserted 22 for account: KOMPLETT KREDIT
2022-06-06 13:17:25,101 Processing account:          SKANDIA LÖN with id:3d074b72-aded-4ec6-820d-06b551db7b0d
2022-06-06 13:17:32,459 Inserted 1955 for account: SKANDIA LÖN
2022-06-06 13:17:32,459 Processing account:          SKANDIA SPAR with id:e7618740-aef8-400d-be33-90362f06dff0
2022-06-06 13:17:34,330 Inserted 65 for account: SKANDIA SPAR
2022-06-06 13:17:34,331 Processing account:          NORDEA LÖN with id:66cd0fd3-db87-4981-a0f5-827b49e7535a
2022-06-06 13:17:35,549 Inserted 46 for account: NORDEA LÖN
2022-06-06 13:17:35,549 Processing account:          SEB LÖN with id:d764b2e8-9e8d-45aa-98af-907f402749a3
2022-06-06 13:19:10,589 << Starting bank transaction collect >>
2022-06-06 13:19:10,589 Initializing Norigen Session
2022-06-06 13:19:10,589 Generaing Token
2022-06-06 13:19:10,850 Token generated successfully
2022-06-06 13:19:10,850 Loading database
2022-06-06 13:19:10,872 Database loaded
2022-06-06 13:19:10,873 Fetching active accounts to process
2022-06-06 13:19:10,875 Processing account:          KOMPLETT KREDIT with id:ccf2b0e7-f12e-4d12-98f0-bef724ab808c
2022-06-06 13:19:40,957 << Starting bank transaction collect >>
2022-06-06 13:19:40,957 Initializing Norigen Session
2022-06-06 13:19:40,957 Generaing Token
2022-06-06 13:19:41,194 Token generated successfully
2022-06-06 13:19:41,195 Loading database
2022-06-06 13:19:41,208 Database loaded
2022-06-06 13:19:41,208 Fetching active accounts to process
2022-06-06 13:19:41,211 Processing account:          KOMPLETT KREDIT with id:ccf2b0e7-f12e-4d12-98f0-bef724ab808c
2022-06-06 13:19:42,426 Inserted 22 for account: KOMPLETT KREDIT
2022-06-06 13:19:42,426 Processing account:          SKANDIA LÖN with id:3d074b72-aded-4ec6-820d-06b551db7b0d
2022-06-06 13:19:50,237 Inserted 1955 for account: SKANDIA LÖN
2022-06-06 13:19:50,238 Processing account:          SKANDIA SPAR with id:e7618740-aef8-400d-be33-90362f06dff0
2022-06-06 13:19:52,262 Inserted 65 for account: SKANDIA SPAR
2022-06-06 13:19:52,262 Processing account:          NORDEA LÖN with id:66cd0fd3-db87-4981-a0f5-827b49e7535a
2022-06-06 13:19:53,489 Inserted 46 for account: NORDEA LÖN
2022-06-06 13:19:53,489 Processing account:          SEB LÖN with id:d764b2e8-9e8d-45aa-98af-907f402749a3
2022-06-06 13:19:56,294 Inserted 916 for account: SEB LÖN
2022-06-06 13:19:56,294 << Bank transaction collect complete >>
2022-06-06 13:23:57,515 << Starting bank transaction collect >>
2022-06-06 13:23:57,515 Initializing Norigen Session
2022-06-06 13:23:57,515 Generaing Token
2022-06-06 13:23:57,904 Token generated successfully
2022-06-06 13:23:57,904 Loading database
2022-06-06 13:23:57,931 Database loaded
2022-06-06 13:23:57,931 Fetching active accounts to process
2022-06-06 13:23:57,934 Processing account:          KOMPLETT KREDIT with id:ccf2b0e7-f12e-4d12-98f0-bef724ab808c
2022-06-06 13:24:00,797 Inserted 22 for account: KOMPLETT KREDIT
2022-06-06 13:24:00,797 Processing account:          SKANDIA LÖN with id:3d074b72-aded-4ec6-820d-06b551db7b0d
2022-06-06 13:24:09,766 Inserted 1955 for account: SKANDIA LÖN
2022-06-06 13:24:09,766 Processing account:          SKANDIA SPAR with id:e7618740-aef8-400d-be33-90362f06dff0
2022-06-06 13:24:12,175 Inserted 65 for account: SKANDIA SPAR
2022-06-06 13:24:12,175 Processing account:          NORDEA LÖN with id:66cd0fd3-db87-4981-a0f5-827b49e7535a
2022-06-06 13:24:13,395 Inserted 46 for account: NORDEA LÖN
2022-06-06 13:24:13,395 Processing account:          SEB LÖN with id:d764b2e8-9e8d-45aa-98af-907f402749a3
2022-06-06 13:24:15,650 Inserted 916 for account: SEB LÖN
2022-06-06 13:24:15,650 << Bank transaction collect complete >>
2022-06-06 13:26:04,508 << Starting bank transaction collect >>
2022-06-06 13:26:04,508 Initializing Norigen Session
2022-06-06 13:26:04,508 Generaing Token
2022-06-06 13:26:04,746 Token generated successfully
2022-06-06 13:26:04,746 Loading database
2022-06-06 13:26:04,758 Database loaded
2022-06-06 13:26:04,759 Fetching active accounts to process
2022-06-06 13:26:04,761 Processing account:          KOMPLETT KREDIT with id:ccf2b0e7-f12e-4d12-98f0-bef724ab808c
2022-06-06 13:27:05,438 << Starting bank transaction collect >>
2022-06-06 13:27:05,438 Initializing Norigen Session
2022-06-06 13:27:05,438 Generaing Token
2022-06-06 13:27:05,666 Token generated successfully
2022-06-06 13:27:05,667 Loading database
2022-06-06 13:27:05,678 Database loaded
2022-06-06 13:27:05,678 Fetching active accounts to process
2022-06-06 13:27:05,681 Processing account:          KOMPLETT KREDIT with id:ccf2b0e7-f12e-4d12-98f0-bef724ab808c
2022-06-06 13:27:07,285 Inserted 22 for account: KOMPLETT KREDIT
2022-06-06 13:27:07,285 Processing account:          SKANDIA LÖN with id:3d074b72-aded-4ec6-820d-06b551db7b0d
2022-06-06 13:27:15,266 Inserted 1955 for account: SKANDIA LÖN
2022-06-06 13:27:15,267 Processing account:          SKANDIA SPAR with id:e7618740-aef8-400d-be33-90362f06dff0
2022-06-06 13:27:17,437 Inserted 65 for account: SKANDIA SPAR
2022-06-06 13:27:17,437 Processing account:          NORDEA LÖN with id:66cd0fd3-db87-4981-a0f5-827b49e7535a
2022-06-06 13:27:18,554 Inserted 46 for account: NORDEA LÖN
2022-06-06 13:27:18,554 Processing account:          SEB LÖN with id:d764b2e8-9e8d-45aa-98af-907f402749a3
2022-06-06 13:27:21,542 Inserted 916 for account: SEB LÖN
2022-06-06 13:27:21,542 << Bank transaction collect complete >>
2022-06-06 13:27:58,445 << Starting bank transaction collect >>
2022-06-06 13:27:58,445 Initializing Norigen Session
2022-06-06 13:27:58,445 Generaing Token
2022-06-06 13:27:58,679 Token generated successfully
2022-06-06 13:27:58,680 Loading database
2022-06-06 13:27:58,693 Database loaded
2022-06-06 13:27:58,693 Fetching active accounts to process
2022-06-06 13:27:58,695 Processing account:          KOMPLETT KREDIT with id:ccf2b0e7-f12e-4d12-98f0-bef724ab808c
2022-06-06 13:28:50,169 << Starting bank transaction collect >>
2022-06-06 13:28:50,169 Initializing Norigen Session
2022-06-06 13:28:50,169 Generaing Token
2022-06-06 13:28:50,420 Token generated successfully
2022-06-06 13:28:50,420 Loading database
2022-06-06 13:28:50,443 Database loaded
2022-06-06 13:28:50,443 Fetching active accounts to process
2022-06-06 13:28:50,446 Processing account:          KOMPLETT KREDIT with id:ccf2b0e7-f12e-4d12-98f0-bef724ab808c
2022-06-06 13:28:51,837 Inserted 0 for account: KOMPLETT KREDIT
2022-06-06 13:28:51,838 Processing account:          SKANDIA LÖN with id:3d074b72-aded-4ec6-820d-06b551db7b0d
2022-06-06 13:28:59,240 Inserted 0 for account: SKANDIA LÖN
2022-06-06 13:28:59,240 Processing account:          SKANDIA SPAR with id:e7618740-aef8-400d-be33-90362f06dff0
2022-06-06 13:29:01,430 Inserted 0 for account: SKANDIA SPAR
2022-06-06 13:29:01,430 Processing account:          NORDEA LÖN with id:66cd0fd3-db87-4981-a0f5-827b49e7535a
2022-06-06 13:29:02,653 Inserted 0 for account: NORDEA LÖN
2022-06-06 13:29:02,653 Processing account:          SEB LÖN with id:d764b2e8-9e8d-45aa-98af-907f402749a3
2022-06-06 13:29:05,171 Inserted 0 for account: SEB LÖN
2022-06-06 13:29:05,171 << Bank transaction collect complete >>
2022-06-06 13:29:34,964 << Starting bank transaction collect >>
2022-06-06 13:29:34,964 Initializing Norigen Session
2022-06-06 13:29:34,965 Generaing Token
2022-06-06 13:29:35,344 Token generated successfully
2022-06-06 13:29:35,344 Loading database
2022-06-06 13:29:35,356 Database loaded
2022-06-06 13:29:35,356 Fetching active accounts to process
2022-06-06 13:29:35,359 Processing account:          KOMPLETT KREDIT with id:ccf2b0e7-f12e-4d12-98f0-bef724ab808c
2022-06-06 13:29:37,725 Inserted 0 for account: KOMPLETT KREDIT
2022-06-06 13:29:37,725 Processing account:          SKANDIA LÖN with id:3d074b72-aded-4ec6-820d-06b551db7b0d
2022-06-06 13:29:44,701 Inserted 4 for account: SKANDIA LÖN
2022-06-06 13:29:44,701 Processing account:          SKANDIA SPAR with id:e7618740-aef8-400d-be33-90362f06dff0
2022-06-06 13:29:46,605 Inserted 0 for account: SKANDIA SPAR
2022-06-06 13:29:46,605 Processing account:          NORDEA LÖN with id:66cd0fd3-db87-4981-a0f5-827b49e7535a
2022-06-06 13:29:47,946 Inserted 0 for account: NORDEA LÖN
2022-06-06 13:29:47,946 Processing account:          SEB LÖN with id:d764b2e8-9e8d-45aa-98af-907f402749a3
2022-06-06 13:29:50,187 Inserted 0 for account: SEB LÖN
2022-06-06 13:29:50,187 << Bank transaction collect complete >>
